<?xml version="1.0" encoding="UTF-8"?>
<!-- Generated by org.testng.reporters.JUnitXMLReporter -->
<testsuite ignored="0" hostname="PAVILION-JP" failures="0" tests="2" name="RunningInFirefox" time="36.662" errors="0" timestamp="2025-05-23T07:34:55 IST">
  <testcase classname="com.sevenrmartsupermarket.tests.LoginTest" name="verifyInvalidLogin" time="2.6"/>
  <testcase classname="com.sevenrmartsupermarket.tests.LoginTest" name="verifyValidLogin" time="1.965"/>
</testsuite> <!-- RunningInFirefox -->
