<?xml version="1.0" encoding="UTF-8"?>
<!-- Generated by org.testng.reporters.JUnitReportReporter -->
<testsuite hostname="PAVILION-JP" failures="0" tests="2" name="com.sevenrmartsupermarket.tests.DashBoardTest" time="22.344" errors="0" timestamp="2025-05-23T07:51:34 IST" skipped="0">
  <testcase classname="com.sevenrmartsupermarket.tests.DashBoardTest" name="verifyAdminDashboard" time="11.105"/>
  <system-out/>
  <testcase classname="com.sevenrmartsupermarket.tests.DashBoardTest" name="verifyLogout" time="11.239"/>
  <system-out/>
</testsuite> <!-- com.sevenrmartsupermarket.tests.DashBoardTest -->
