<?xml version="1.0" encoding="UTF-8"?>
<!-- Generated by org.testng.reporters.JUnitReportReporter -->
<testsuite hostname="PAVILION-JP" failures="0" tests="2" name="com.sevenrmartsupermarket.tests.ManageNewsTest" time="16.276" errors="0" timestamp="2025-05-25T13:32:32 IST" skipped="0">
  <testcase classname="com.sevenrmartsupermarket.tests.ManageNewsTest" name="addNewNews" time="8.878"/>
  <system-out/>
  <testcase classname="com.sevenrmartsupermarket.tests.ManageNewsTest" name="addNewNews" time="7.398"/>
  <system-out/>
</testsuite> <!-- com.sevenrmartsupermarket.tests.ManageNewsTest -->
