<?xml version="1.0" encoding="UTF-8"?>
<!-- Generated by org.testng.reporters.JUnitReportReporter -->
<testsuite hostname="PAVILION-JP" failures="0" tests="1" name="com.sevenrmartsupermarket.tests.ManageContactTest" time="12.023" errors="0" timestamp="2025-05-26T16:03:51 IST" skipped="0">
  <testcase classname="com.sevenrmartsupermarket.tests.ManageContactTest" name="verifyUpdateOfContactDetail" time="12.023"/>
  <system-out/>
</testsuite> <!-- com.sevenrmartsupermarket.tests.ManageContactTest -->
