<?xml version="1.0" encoding="UTF-8"?>
<!-- Generated by org.testng.reporters.JUnitXMLReporter -->
<testsuite ignored="0" hostname="PAVILION-JP" failures="0" tests="4" name="TestByGroup" time="40.75" errors="0" timestamp="2025-05-23T07:51:32 IST">
  <testcase classname="com.sevenrmartsupermarket.tests.LoginTest" name="verifyInvalidLogin" time="1.484"/>
  <testcase classname="com.sevenrmartsupermarket.tests.LoginTest" name="verifyValidLogin" time="1.723"/>
  <testcase classname="com.sevenrmartsupermarket.tests.DashBoardTest" name="verifyAdminDashboard" time="3.503"/>
  <testcase classname="com.sevenrmartsupermarket.tests.DashBoardTest" name="verifyLogout" time="7.245"/>
</testsuite> <!-- TestByGroup -->
