<?xml version="1.0" encoding="UTF-8"?>
<testng-results ignored="0" total="4" passed="4" failed="0" skipped="0">
  <reporter-output>
  </reporter-output>
  <suite started-at="2025-05-23T07:50:51 IST" name="seleniumProject" finished-at="2025-05-23T07:51:32 IST" duration-ms="40750">
    <groups>
      <group name="regression">
        <method signature="DashBoardTest.verifyAdminDashboard()[pri:0, instance:com.sevenrmartsupermarket.tests.DashBoardTest@65987993]" name="verifyAdminDashboard" class="com.sevenrmartsupermarket.tests.DashBoardTest"/>
        <method signature="DashBoardTest.verifyLogout()[pri:0, instance:com.sevenrmartsupermarket.tests.DashBoardTest@65987993]" name="verifyLogout" class="com.sevenrmartsupermarket.tests.DashBoardTest"/>
      </group> <!-- regression -->
      <group name="smoke">
        <method signature="DashBoardTest.verifyAdminDashboard()[pri:0, instance:com.sevenrmartsupermarket.tests.DashBoardTest@65987993]" name="verifyAdminDashboard" class="com.sevenrmartsupermarket.tests.DashBoardTest"/>
        <method signature="DashBoardTest.verifyLogout()[pri:0, instance:com.sevenrmartsupermarket.tests.DashBoardTest@65987993]" name="verifyLogout" class="com.sevenrmartsupermarket.tests.DashBoardTest"/>
        <method signature="LoginTest.verifyInvalidLogin()[pri:0, instance:com.sevenrmartsupermarket.tests.LoginTest@7e057f43]" name="verifyInvalidLogin" class="com.sevenrmartsupermarket.tests.LoginTest"/>
        <method signature="LoginTest.verifyValidLogin()[pri:0, instance:com.sevenrmartsupermarket.tests.LoginTest@7e057f43]" name="verifyValidLogin" class="com.sevenrmartsupermarket.tests.LoginTest"/>
      </group> <!-- smoke -->
    </groups>
    <test started-at="2025-05-23T07:50:51 IST" name="TestByGroup" finished-at="2025-05-23T07:51:32 IST" duration-ms="40750">
      <class name="com.sevenrmartsupermarket.tests.DashBoardTest">
        <test-method is-config="true" signature="launchBrowser()[pri:0, instance:com.sevenrmartsupermarket.tests.DashBoardTest@65987993]" started-at="2025-05-23T07:51:09 IST" name="launchBrowser" finished-at="2025-05-23T07:51:13 IST" duration-ms="3993" status="PASS">
          <reporter-output>
          </reporter-output>
        </test-method> <!-- launchBrowser -->
        <test-method signature="verifyAdminDashboard()[pri:0, instance:com.sevenrmartsupermarket.tests.DashBoardTest@65987993]" started-at="2025-05-23T07:51:13 IST" name="verifyAdminDashboard" finished-at="2025-05-23T07:51:17 IST" duration-ms="3503" status="PASS">
          <reporter-output>
          </reporter-output>
        </test-method> <!-- verifyAdminDashboard -->
        <test-method is-config="true" signature="terminateSession(org.testng.ITestResult)[pri:0, instance:com.sevenrmartsupermarket.tests.DashBoardTest@65987993]" started-at="2025-05-23T07:51:17 IST" name="terminateSession" finished-at="2025-05-23T07:51:17 IST" duration-ms="6" status="PASS">
          <params>
            <param index="0">
              <value>
                <![CDATA[[TestResult name=verifyAdminDashboard status=SUCCESS method=DashBoardTest.verifyAdminDashboard()[pri:0, instance:com.sevenrmartsupermarket.tests.DashBoardTest@65987993] output={null}]]]>
              </value>
            </param>
          </params>
          <reporter-output>
          </reporter-output>
        </test-method> <!-- terminateSession -->
        <test-method is-config="true" signature="launchBrowser()[pri:0, instance:com.sevenrmartsupermarket.tests.DashBoardTest@65987993]" started-at="2025-05-23T07:51:17 IST" name="launchBrowser" finished-at="2025-05-23T07:51:24 IST" duration-ms="7596" status="PASS">
          <reporter-output>
          </reporter-output>
        </test-method> <!-- launchBrowser -->
        <test-method signature="verifyLogout()[pri:0, instance:com.sevenrmartsupermarket.tests.DashBoardTest@65987993]" started-at="2025-05-23T07:51:24 IST" name="verifyLogout" finished-at="2025-05-23T07:51:32 IST" duration-ms="7245" status="PASS">
          <reporter-output>
          </reporter-output>
        </test-method> <!-- verifyLogout -->
        <test-method is-config="true" signature="terminateSession(org.testng.ITestResult)[pri:0, instance:com.sevenrmartsupermarket.tests.DashBoardTest@65987993]" started-at="2025-05-23T07:51:32 IST" name="terminateSession" finished-at="2025-05-23T07:51:32 IST" duration-ms="1" status="PASS">
          <params>
            <param index="0">
              <value>
                <![CDATA[[TestResult name=verifyLogout status=SUCCESS method=DashBoardTest.verifyLogout()[pri:0, instance:com.sevenrmartsupermarket.tests.DashBoardTest@65987993] output={null}]]]>
              </value>
            </param>
          </params>
          <reporter-output>
          </reporter-output>
        </test-method> <!-- terminateSession -->
      </class> <!-- com.sevenrmartsupermarket.tests.DashBoardTest -->
      <class name="com.sevenrmartsupermarket.tests.LoginTest">
        <test-method is-config="true" signature="launchBrowser()[pri:0, instance:com.sevenrmartsupermarket.tests.LoginTest@7e057f43]" started-at="2025-05-23T07:50:51 IST" name="launchBrowser" finished-at="2025-05-23T07:51:02 IST" duration-ms="11272" status="PASS">
          <reporter-output>
          </reporter-output>
        </test-method> <!-- launchBrowser -->
        <test-method signature="verifyInvalidLogin()[pri:0, instance:com.sevenrmartsupermarket.tests.LoginTest@7e057f43]" started-at="2025-05-23T07:51:02 IST" name="verifyInvalidLogin" finished-at="2025-05-23T07:51:04 IST" duration-ms="1484" status="PASS">
          <reporter-output>
          </reporter-output>
        </test-method> <!-- verifyInvalidLogin -->
        <test-method is-config="true" signature="terminateSession(org.testng.ITestResult)[pri:0, instance:com.sevenrmartsupermarket.tests.LoginTest@7e057f43]" started-at="2025-05-23T07:51:04 IST" name="terminateSession" finished-at="2025-05-23T07:51:04 IST" duration-ms="7" status="PASS">
          <params>
            <param index="0">
              <value>
                <![CDATA[[TestResult name=verifyInvalidLogin status=SUCCESS method=LoginTest.verifyInvalidLogin()[pri:0, instance:com.sevenrmartsupermarket.tests.LoginTest@7e057f43] output={null}]]]>
              </value>
            </param>
          </params>
          <reporter-output>
          </reporter-output>
        </test-method> <!-- terminateSession -->
        <test-method is-config="true" signature="launchBrowser()[pri:0, instance:com.sevenrmartsupermarket.tests.LoginTest@7e057f43]" started-at="2025-05-23T07:51:04 IST" name="launchBrowser" finished-at="2025-05-23T07:51:08 IST" duration-ms="3778" status="PASS">
          <reporter-output>
          </reporter-output>
        </test-method> <!-- launchBrowser -->
        <test-method signature="verifyValidLogin()[pri:0, instance:com.sevenrmartsupermarket.tests.LoginTest@7e057f43]" started-at="2025-05-23T07:51:08 IST" name="verifyValidLogin" finished-at="2025-05-23T07:51:09 IST" duration-ms="1723" status="PASS">
          <reporter-output>
          </reporter-output>
        </test-method> <!-- verifyValidLogin -->
        <test-method is-config="true" signature="terminateSession(org.testng.ITestResult)[pri:0, instance:com.sevenrmartsupermarket.tests.LoginTest@7e057f43]" started-at="2025-05-23T07:51:09 IST" name="terminateSession" finished-at="2025-05-23T07:51:09 IST" duration-ms="6" status="PASS">
          <params>
            <param index="0">
              <value>
                <![CDATA[[TestResult name=verifyValidLogin status=SUCCESS method=LoginTest.verifyValidLogin()[pri:0, instance:com.sevenrmartsupermarket.tests.LoginTest@7e057f43] output={null}]]]>
              </value>
            </param>
          </params>
          <reporter-output>
          </reporter-output>
        </test-method> <!-- terminateSession -->
      </class> <!-- com.sevenrmartsupermarket.tests.LoginTest -->
    </test> <!-- TestByGroup -->
  </suite> <!-- seleniumProject -->
</testng-results>
